<?xml version="1.0" encoding="UTF-8"?>
<testsuites name="jest tests" tests="1" failures="0" errors="0" time="2.613">
  <testsuite name="undefined" errors="0" failures="0" skipped="0" timestamp="2023-11-02T15:32:21" time="2.445" tests="1">
    <testcase classname=" two plus two is four" name=" two plus two is four" time="0.002">
    </testcase>
  </testsuite>
</testsuites>